<?xml version="1.0" encoding="UTF-8"?>
<!-- Generated by org.testng.reporters.JUnitXMLReporter -->
<testsuite hostname="LAPTOP-TO2ES5BG" name="Surefire test" tests="4" failures="2" timestamp="2 Oct 2018 02:57:57 GMT" time="106.749" errors="0">
  <testcase name="ActionTest" time="19.76" classname="com.rutu.yash.TestFun"/>
  <testcase name="alertTest" time="10.953" classname="com.rutu.yash.TestFun"/>
  <testcase name="attributeTest" time="6.557" classname="com.rutu.yash.TestFun">
    <failure type="java.lang.AssertionError" message="expected [https://www.ebay.com/b/Auto-Parts-Accessories/6028/bn_569479] but found [null]">
      <![CDATA[java.lang.AssertionError: expected [https://www.ebay.com/b/Auto-Parts-Accessories/6028/bn_569479] but found [null]
	at com.rutu.yash.TestFun.attributeTest(TestFun.java:43)
	at org.apache.maven.surefire.testng.TestNGExecutor.run(TestNGExecutor.java:135)
	at org.apache.maven.surefire.testng.TestNGDirectoryTestSuite.executeSingleClass(TestNGDirectoryTestSuite.java:112)
	at org.apache.maven.surefire.testng.TestNGDirectoryTestSuite.execute(TestNGDirectoryTestSuite.java:99)
	at org.apache.maven.surefire.testng.TestNGProvider.invoke(TestNGProvider.java:146)
	at org.apache.maven.surefire.booter.ForkedBooter.invokeProviderInSameClassLoader(ForkedBooter.java:373)
	at org.apache.maven.surefire.booter.ForkedBooter.runSuitesInProcess(ForkedBooter.java:334)
	at org.apache.maven.surefire.booter.ForkedBooter.execute(ForkedBooter.java:119)
	at org.apache.maven.surefire.booter.ForkedBooter.main(ForkedBooter.java:407)
... Removed 26 stack frames]]>
    </failure>
  </testcase> <!-- attributeTest -->
  <testcase name="backForwardTest" time="4.205" classname="com.rutu.yash.TestFun">
    <failure type="java.lang.AssertionError" message="expected [xyz] but found [GoogleGoogleProblem loading pageGoogle]">
      <![CDATA[java.lang.AssertionError: expected [xyz] but found [GoogleGoogleProblem loading pageGoogle]
	at com.rutu.yash.TestFun.backForwardTest(TestFun.java:49)
	at org.apache.maven.surefire.testng.TestNGExecutor.run(TestNGExecutor.java:135)
	at org.apache.maven.surefire.testng.TestNGDirectoryTestSuite.executeSingleClass(TestNGDirectoryTestSuite.java:112)
	at org.apache.maven.surefire.testng.TestNGDirectoryTestSuite.execute(TestNGDirectoryTestSuite.java:99)
	at org.apache.maven.surefire.testng.TestNGProvider.invoke(TestNGProvider.java:146)
	at org.apache.maven.surefire.booter.ForkedBooter.invokeProviderInSameClassLoader(ForkedBooter.java:373)
	at org.apache.maven.surefire.booter.ForkedBooter.runSuitesInProcess(ForkedBooter.java:334)
	at org.apache.maven.surefire.booter.ForkedBooter.execute(ForkedBooter.java:119)
	at org.apache.maven.surefire.booter.ForkedBooter.main(ForkedBooter.java:407)
... Removed 26 stack frames]]>
    </failure>
  </testcase> <!-- backForwardTest -->
</testsuite> <!-- Surefire test -->
