<?xml version="1.0" encoding="UTF-8"?>
<testng-results skipped="0" failed="2" total="4" passed="2">
  <reporter-output>
  </reporter-output>
  <suite name="Surefire suite" duration-ms="106749" started-at="2018-10-02T02:56:10Z" finished-at="2018-10-02T02:57:57Z">
    <groups>
    </groups>
    <test name="Surefire test" duration-ms="106749" started-at="2018-10-02T02:56:10Z" finished-at="2018-10-02T02:57:57Z">
      <class name="com.rutu.yash.TestFun">
        <test-method status="PASS" signature="beforeTest()[pri:0, instance:com.rutu.yash.TestFun@5cdd8682]" name="beforeTest" is-config="true" duration-ms="15" started-at="2018-10-01T22:56:10Z" finished-at="2018-10-01T22:56:10Z">
          <reporter-output>
          </reporter-output>
        </test-method> <!-- beforeTest -->
        <test-method status="PASS" signature="beforemethod()[pri:0, instance:com.rutu.yash.TestFun@5cdd8682]" name="beforemethod" is-config="true" duration-ms="13234" started-at="2018-10-01T22:56:10Z" finished-at="2018-10-01T22:56:24Z">
          <reporter-output>
          </reporter-output>
        </test-method> <!-- beforemethod -->
        <test-method status="PASS" signature="ActionTest()[pri:0, instance:com.rutu.yash.TestFun@5cdd8682]" name="ActionTest" duration-ms="19760" started-at="2018-10-01T22:56:24Z" finished-at="2018-10-01T22:56:43Z">
          <reporter-output>
          </reporter-output>
        </test-method> <!-- ActionTest -->
        <test-method status="PASS" signature="afterMethod()[pri:0, instance:com.rutu.yash.TestFun@5cdd8682]" name="afterMethod" is-config="true" duration-ms="10554" started-at="2018-10-01T22:56:43Z" finished-at="2018-10-01T22:56:54Z">
          <reporter-output>
          </reporter-output>
        </test-method> <!-- afterMethod -->
        <test-method status="PASS" signature="beforemethod()[pri:0, instance:com.rutu.yash.TestFun@5cdd8682]" name="beforemethod" is-config="true" duration-ms="8787" started-at="2018-10-01T22:56:54Z" finished-at="2018-10-01T22:57:03Z">
          <reporter-output>
          </reporter-output>
        </test-method> <!-- beforemethod -->
        <test-method status="PASS" signature="alertTest()[pri:0, instance:com.rutu.yash.TestFun@5cdd8682]" name="alertTest" duration-ms="10953" started-at="2018-10-01T22:57:03Z" finished-at="2018-10-01T22:57:14Z">
          <reporter-output>
          </reporter-output>
        </test-method> <!-- alertTest -->
        <test-method status="PASS" signature="afterMethod()[pri:0, instance:com.rutu.yash.TestFun@5cdd8682]" name="afterMethod" is-config="true" duration-ms="3157" started-at="2018-10-01T22:57:14Z" finished-at="2018-10-01T22:57:17Z">
          <reporter-output>
          </reporter-output>
        </test-method> <!-- afterMethod -->
        <test-method status="PASS" signature="beforemethod()[pri:0, instance:com.rutu.yash.TestFun@5cdd8682]" name="beforemethod" is-config="true" duration-ms="8877" started-at="2018-10-01T22:57:17Z" finished-at="2018-10-01T22:57:26Z">
          <reporter-output>
          </reporter-output>
        </test-method> <!-- beforemethod -->
        <test-method status="FAIL" signature="attributeTest()[pri:0, instance:com.rutu.yash.TestFun@5cdd8682]" name="attributeTest" duration-ms="6557" started-at="2018-10-01T22:57:26Z" finished-at="2018-10-01T22:57:32Z">
          <exception class="java.lang.AssertionError">
            <message>
              <![CDATA[expected [https://www.ebay.com/b/Auto-Parts-Accessories/6028/bn_569479] but found [null]]]>
            </message>
            <full-stacktrace>
              <![CDATA[java.lang.AssertionError: expected [https://www.ebay.com/b/Auto-Parts-Accessories/6028/bn_569479] but found [null]
	at org.testng.Assert.fail(Assert.java:94)
	at org.testng.Assert.failNotEquals(Assert.java:494)
	at org.testng.Assert.assertEquals(Assert.java:123)
	at org.testng.Assert.assertEquals(Assert.java:176)
	at org.testng.Assert.assertEquals(Assert.java:186)
	at com.rutu.yash.TestFun.attributeTest(TestFun.java:43)
	at sun.reflect.NativeMethodAccessorImpl.invoke0(Native Method)
	at sun.reflect.NativeMethodAccessorImpl.invoke(NativeMethodAccessorImpl.java:62)
	at sun.reflect.DelegatingMethodAccessorImpl.invoke(DelegatingMethodAccessorImpl.java:43)
	at java.lang.reflect.Method.invoke(Method.java:498)
	at org.testng.internal.MethodInvocationHelper.invokeMethod(MethodInvocationHelper.java:80)
	at org.testng.internal.Invoker.invokeMethod(Invoker.java:714)
	at org.testng.internal.Invoker.invokeTestMethod(Invoker.java:901)
	at org.testng.internal.Invoker.invokeTestMethods(Invoker.java:1231)
	at org.testng.internal.TestMethodWorker.invokeTestMethods(TestMethodWorker.java:127)
	at org.testng.internal.TestMethodWorker.run(TestMethodWorker.java:111)
	at org.testng.TestRunner.privateRun(TestRunner.java:767)
	at org.testng.TestRunner.run(TestRunner.java:617)
	at org.testng.SuiteRunner.runTest(SuiteRunner.java:334)
	at org.testng.SuiteRunner.runSequentially(SuiteRunner.java:329)
	at org.testng.SuiteRunner.privateRun(SuiteRunner.java:291)
	at org.testng.SuiteRunner.run(SuiteRunner.java:240)
	at org.testng.SuiteRunnerWorker.runSuite(SuiteRunnerWorker.java:52)
	at org.testng.SuiteRunnerWorker.run(SuiteRunnerWorker.java:86)
	at org.testng.TestNG.runSuitesSequentially(TestNG.java:1198)
	at org.testng.TestNG.runSuitesLocally(TestNG.java:1123)
	at org.testng.TestNG.run(TestNG.java:1031)
	at org.apache.maven.surefire.testng.TestNGExecutor.run(TestNGExecutor.java:135)
	at org.apache.maven.surefire.testng.TestNGDirectoryTestSuite.executeSingleClass(TestNGDirectoryTestSuite.java:112)
	at org.apache.maven.surefire.testng.TestNGDirectoryTestSuite.execute(TestNGDirectoryTestSuite.java:99)
	at org.apache.maven.surefire.testng.TestNGProvider.invoke(TestNGProvider.java:146)
	at org.apache.maven.surefire.booter.ForkedBooter.invokeProviderInSameClassLoader(ForkedBooter.java:373)
	at org.apache.maven.surefire.booter.ForkedBooter.runSuitesInProcess(ForkedBooter.java:334)
	at org.apache.maven.surefire.booter.ForkedBooter.execute(ForkedBooter.java:119)
	at org.apache.maven.surefire.booter.ForkedBooter.main(ForkedBooter.java:407)
]]>
            </full-stacktrace>
          </exception> <!-- java.lang.AssertionError -->
          <reporter-output>
          </reporter-output>
        </test-method> <!-- attributeTest -->
        <test-method status="PASS" signature="afterMethod()[pri:0, instance:com.rutu.yash.TestFun@5cdd8682]" name="afterMethod" is-config="true" duration-ms="5956" started-at="2018-10-01T22:57:33Z" finished-at="2018-10-01T22:57:39Z">
          <reporter-output>
          </reporter-output>
        </test-method> <!-- afterMethod -->
        <test-method status="PASS" signature="beforemethod()[pri:0, instance:com.rutu.yash.TestFun@5cdd8682]" name="beforemethod" is-config="true" duration-ms="9061" started-at="2018-10-01T22:57:39Z" finished-at="2018-10-01T22:57:48Z">
          <reporter-output>
          </reporter-output>
        </test-method> <!-- beforemethod -->
        <test-method status="FAIL" signature="backForwardTest()[pri:0, instance:com.rutu.yash.TestFun@5cdd8682]" name="backForwardTest" duration-ms="4205" started-at="2018-10-01T22:57:48Z" finished-at="2018-10-01T22:57:52Z">
          <exception class="java.lang.AssertionError">
            <message>
              <![CDATA[expected [xyz] but found [GoogleGoogleProblem loading pageGoogle]]]>
            </message>
            <full-stacktrace>
              <![CDATA[java.lang.AssertionError: expected [xyz] but found [GoogleGoogleProblem loading pageGoogle]
	at org.testng.Assert.fail(Assert.java:94)
	at org.testng.Assert.failNotEquals(Assert.java:494)
	at org.testng.Assert.assertEquals(Assert.java:123)
	at org.testng.Assert.assertEquals(Assert.java:176)
	at org.testng.Assert.assertEquals(Assert.java:186)
	at com.rutu.yash.TestFun.backForwardTest(TestFun.java:49)
	at sun.reflect.NativeMethodAccessorImpl.invoke0(Native Method)
	at sun.reflect.NativeMethodAccessorImpl.invoke(NativeMethodAccessorImpl.java:62)
	at sun.reflect.DelegatingMethodAccessorImpl.invoke(DelegatingMethodAccessorImpl.java:43)
	at java.lang.reflect.Method.invoke(Method.java:498)
	at org.testng.internal.MethodInvocationHelper.invokeMethod(MethodInvocationHelper.java:80)
	at org.testng.internal.Invoker.invokeMethod(Invoker.java:714)
	at org.testng.internal.Invoker.invokeTestMethod(Invoker.java:901)
	at org.testng.internal.Invoker.invokeTestMethods(Invoker.java:1231)
	at org.testng.internal.TestMethodWorker.invokeTestMethods(TestMethodWorker.java:127)
	at org.testng.internal.TestMethodWorker.run(TestMethodWorker.java:111)
	at org.testng.TestRunner.privateRun(TestRunner.java:767)
	at org.testng.TestRunner.run(TestRunner.java:617)
	at org.testng.SuiteRunner.runTest(SuiteRunner.java:334)
	at org.testng.SuiteRunner.runSequentially(SuiteRunner.java:329)
	at org.testng.SuiteRunner.privateRun(SuiteRunner.java:291)
	at org.testng.SuiteRunner.run(SuiteRunner.java:240)
	at org.testng.SuiteRunnerWorker.runSuite(SuiteRunnerWorker.java:52)
	at org.testng.SuiteRunnerWorker.run(SuiteRunnerWorker.java:86)
	at org.testng.TestNG.runSuitesSequentially(TestNG.java:1198)
	at org.testng.TestNG.runSuitesLocally(TestNG.java:1123)
	at org.testng.TestNG.run(TestNG.java:1031)
	at org.apache.maven.surefire.testng.TestNGExecutor.run(TestNGExecutor.java:135)
	at org.apache.maven.surefire.testng.TestNGDirectoryTestSuite.executeSingleClass(TestNGDirectoryTestSuite.java:112)
	at org.apache.maven.surefire.testng.TestNGDirectoryTestSuite.execute(TestNGDirectoryTestSuite.java:99)
	at org.apache.maven.surefire.testng.TestNGProvider.invoke(TestNGProvider.java:146)
	at org.apache.maven.surefire.booter.ForkedBooter.invokeProviderInSameClassLoader(ForkedBooter.java:373)
	at org.apache.maven.surefire.booter.ForkedBooter.runSuitesInProcess(ForkedBooter.java:334)
	at org.apache.maven.surefire.booter.ForkedBooter.execute(ForkedBooter.java:119)
	at org.apache.maven.surefire.booter.ForkedBooter.main(ForkedBooter.java:407)
]]>
            </full-stacktrace>
          </exception> <!-- java.lang.AssertionError -->
          <reporter-output>
          </reporter-output>
        </test-method> <!-- backForwardTest -->
        <test-method status="PASS" signature="afterMethod()[pri:0, instance:com.rutu.yash.TestFun@5cdd8682]" name="afterMethod" is-config="true" duration-ms="5292" started-at="2018-10-01T22:57:52Z" finished-at="2018-10-01T22:57:57Z">
          <reporter-output>
          </reporter-output>
        </test-method> <!-- afterMethod -->
        <test-method status="PASS" signature="afterTest()[pri:0, instance:com.rutu.yash.TestFun@5cdd8682]" name="afterTest" is-config="true" duration-ms="0" started-at="2018-10-01T22:57:57Z" finished-at="2018-10-01T22:57:57Z">
          <reporter-output>
          </reporter-output>
        </test-method> <!-- afterTest -->
      </class> <!-- com.rutu.yash.TestFun -->
    </test> <!-- Surefire test -->
  </suite> <!-- Surefire suite -->
</testng-results>
